<?xml version="1.0" encoding="UTF-8"?>
<coverage generated="1582226740695" clover="3.2.0">
  <project timestamp="1582226740696" name="All files">
    <metrics statements="18" coveredstatements="16" conditionals="10" coveredconditionals="7" methods="11" coveredmethods="10" elements="39" coveredelements="33" complexity="0" loc="18" ncloc="18" packages="1" files="1" classes="1"/>
    <file name="canExposeEvents.js" path="/Users/danilo/Development/SubwayJS/subway/src/core/aggregate/mixins/canExposeEvents.js">
      <metrics statements="18" coveredstatements="16" conditionals="10" coveredconditionals="7" methods="11" coveredmethods="10"/>
      <line num="1" count="1" type="stmt"/>
      <line num="11" count="8" type="stmt"/>
      <line num="12" count="12" type="stmt"/>
      <line num="13" count="12" type="cond" truecount="1" falsecount="1"/>
      <line num="14" count="12" type="stmt"/>
      <line num="23" count="8" type="stmt"/>
      <line num="24" count="3" type="stmt"/>
      <line num="25" count="3" type="cond" truecount="3" falsecount="1"/>
      <line num="26" count="0" type="stmt"/>
      <line num="28" count="3" type="stmt"/>
      <line num="29" count="3" type="cond" truecount="1" falsecount="1"/>
      <line num="32" count="8" type="stmt"/>
      <line num="35" count="7" type="stmt"/>
      <line num="36" count="15" type="stmt"/>
      <line num="50" count="3" type="stmt"/>
      <line num="52" count="9" type="stmt"/>
      <line num="54" count="0" type="stmt"/>
      <line num="56" count="3" type="stmt"/>
    </file>
  </project>
</coverage>
