{"/Users/danilo/Development/SubwayJS/subway/src/core/aggregate/mixins/canExposeEvents.js": {"path":"/Users/danilo/Development/SubwayJS/subway/src/core/aggregate/mixins/canExposeEvents.js","statementMap":{"0":{"start":{"line":1,"column":31},"end":{"line":15,"column":1}},"1":{"start":{"line":6,"column":2},"end":{"line":14,"column":4}},"2":{"start":{"line":9,"column":29},"end":{"line":9,"column":51}},"3":{"start":{"line":10,"column":28},"end":{"line":10,"column":53}},"4":{"start":{"line":12,"column":6},"end":{"line":12,"column":58}},"5":{"start":{"line":12,"column":33},"end":{"line":12,"column":56}}},"fnMap":{"0":{"name":"(anonymous_0)","decl":{"start":{"line":1,"column":31},"end":{"line":1,"column":32}},"loc":{"start":{"line":1,"column":68},"end":{"line":15,"column":1}},"line":1},"1":{"name":"(anonymous_1)","decl":{"start":{"line":9,"column":23},"end":{"line":9,"column":24}},"loc":{"start":{"line":9,"column":29},"end":{"line":9,"column":51}},"line":9},"2":{"name":"(anonymous_2)","decl":{"start":{"line":10,"column":22},"end":{"line":10,"column":23}},"loc":{"start":{"line":10,"column":28},"end":{"line":10,"column":53}},"line":10},"3":{"name":"(anonymous_3)","decl":{"start":{"line":11,"column":18},"end":{"line":11,"column":19}},"loc":{"start":{"line":11,"column":32},"end":{"line":13,"column":5}},"line":11},"4":{"name":"(anonymous_4)","decl":{"start":{"line":12,"column":25},"end":{"line":12,"column":26}},"loc":{"start":{"line":12,"column":33},"end":{"line":12,"column":56}},"line":12}},"branchMap":{"0":{"loc":{"start":{"line":1,"column":38},"end":{"line":1,"column":63}},"type":"default-arg","locations":[{"start":{"line":1,"column":54},"end":{"line":1,"column":63}}],"line":1}},"s":{"0":1,"1":7,"2":5,"3":8,"4":3,"5":4},"f":{"0":7,"1":5,"2":8,"3":3,"4":4},"b":{"0":[6]},"_coverageSchema":"43e27e138ebf9cfc5966b082cf9a028302ed4184","hash":"b38d2a1dbdfa4a5d0fd484f733963965a15ee1ab"}
}
