{"/Users/danilo/Development/SubwayJS/subway/src/core/aggregate/mixins/hasObservableState.js": {"path":"/Users/danilo/Development/SubwayJS/subway/src/core/aggregate/mixins/hasObservableState.js","statementMap":{"0":{"start":{"line":1,"column":34},"end":{"line":20,"column":1}},"1":{"start":{"line":2,"column":14},"end":{"line":2,"column":33}},"2":{"start":{"line":3,"column":2},"end":{"line":19,"column":4}},"3":{"start":{"line":7,"column":29},"end":{"line":7,"column":39}},"4":{"start":{"line":8,"column":6},"end":{"line":8,"column":25}},"5":{"start":{"line":9,"column":6},"end":{"line":9,"column":51}},"6":{"start":{"line":10,"column":6},"end":{"line":10,"column":54}},"7":{"start":{"line":10,"column":19},"end":{"line":10,"column":53}},"8":{"start":{"line":13,"column":19},"end":{"line":13,"column":45}},"9":{"start":{"line":14,"column":6},"end":{"line":14,"column":19}},"10":{"start":{"line":15,"column":6},"end":{"line":15,"column":57}},"11":{"start":{"line":16,"column":6},"end":{"line":16,"column":60}},"12":{"start":{"line":16,"column":41},"end":{"line":16,"column":58}},"13":{"start":{"line":18,"column":27},"end":{"line":18,"column":32}}},"fnMap":{"0":{"name":"(anonymous_0)","decl":{"start":{"line":1,"column":34},"end":{"line":1,"column":35}},"loc":{"start":{"line":1,"column":88},"end":{"line":20,"column":1}},"line":1},"1":{"name":"(anonymous_1)","decl":{"start":{"line":6,"column":18},"end":{"line":6,"column":19}},"loc":{"start":{"line":6,"column":33},"end":{"line":11,"column":5}},"line":6},"2":{"name":"(anonymous_2)","decl":{"start":{"line":10,"column":13},"end":{"line":10,"column":14}},"loc":{"start":{"line":10,"column":19},"end":{"line":10,"column":53}},"line":10},"3":{"name":"(anonymous_3)","decl":{"start":{"line":12,"column":17},"end":{"line":12,"column":18}},"loc":{"start":{"line":12,"column":30},"end":{"line":17,"column":5}},"line":12},"4":{"name":"(anonymous_4)","decl":{"start":{"line":16,"column":26},"end":{"line":16,"column":27}},"loc":{"start":{"line":16,"column":41},"end":{"line":16,"column":58}},"line":16},"5":{"name":"(anonymous_5)","decl":{"start":{"line":18,"column":21},"end":{"line":18,"column":22}},"loc":{"start":{"line":18,"column":27},"end":{"line":18,"column":32}},"line":18}},"branchMap":{"0":{"loc":{"start":{"line":1,"column":41},"end":{"line":1,"column":58}},"type":"default-arg","locations":[{"start":{"line":1,"column":56},"end":{"line":1,"column":58}}],"line":1},"1":{"loc":{"start":{"line":1,"column":60},"end":{"line":1,"column":83}},"type":"default-arg","locations":[{"start":{"line":1,"column":74},"end":{"line":1,"column":83}}],"line":1}},"s":{"0":1,"1":11,"2":11,"3":5,"4":5,"5":5,"6":5,"7":2,"8":4,"9":4,"10":4,"11":4,"12":2,"13":9},"f":{"0":11,"1":5,"2":2,"3":4,"4":2,"5":9},"b":{"0":[2],"1":[3]},"_coverageSchema":"43e27e138ebf9cfc5966b082cf9a028302ed4184","hash":"63bfed2b034feabb38835d08288d1fe969d914ec"}
}
