TN:
SF:/Users/danilo/Development/SubwayJS/subway/src/core/aggregate/mixins/hasObservableState.js
FN:1,(anonymous_0)
FN:6,(anonymous_1)
FN:10,(anonymous_2)
FN:12,(anonymous_3)
FN:16,(anonymous_4)
FN:18,(anonymous_5)
FNF:6
FNH:6
FNDA:11,(anonymous_0)
FNDA:5,(anonymous_1)
FNDA:2,(anonymous_2)
FNDA:4,(anonymous_3)
FNDA:2,(anonymous_4)
FNDA:9,(anonymous_5)
DA:1,1
DA:2,11
DA:3,11
DA:7,5
DA:8,5
DA:9,5
DA:10,5
DA:13,4
DA:14,4
DA:15,4
DA:16,4
DA:18,9
LF:12
LH:12
BRDA:1,0,0,2
BRDA:1,1,0,3
BRF:2
BRH:2
end_of_record
